# JRE version: Java(TM) SE Runtime Environment (8.0_192-b12) (build 1.8.0_192-b12)
# Java VM: Java HotSpot(TM) Client VM (25.192-b12 mixed mode windows-x86 )
Heap:
 def new generation   total 4992K, used 3295K [0x08000000, 0x08560000, 0x0d550000)
  eden space 4480K,  62% used [0x08000000, 0x082b7dd0, 0x08460000)
  from space 512K, 100% used [0x08460000, 0x084e0000, 0x084e0000)
  to   space 512K,   0% used [0x084e0000, 0x084e0000, 0x08560000)
 tenured generation   total 10944K, used 7101K [0x0d550000, 0x0e000000, 0x18000000)
   the space 10944K,  64% used [0x0d550000, 0x0dc3f510, 0x0dc3f600, 0x0e000000)
 Metaspace       used 13753K, capacity 14160K, committed 14208K, reserved 14720K
GC Heap History (10 events):
Event: 114.941 GC heap before
{Heap before GC invocations=24 (full 1):
 def new generation   total 4992K, used 4656K [0x08000000, 0x08560000, 0x0d550000)
  eden space 4480K, 100% used [0x08000000, 0x08460000, 0x08460000)
  from space 512K,  34% used [0x084e0000, 0x0850c148, 0x08560000)
  to   space 512K,   0% used [0x08460000, 0x08460000, 0x084e0000)
 tenured generation   total 10944K, used 6348K [0x0d550000, 0x0e000000, 0x18000000)
   the space 10944K,  58% used [0x0d550000, 0x0db83348, 0x0db83400, 0x0e000000)
 Metaspace       used 12004K, capacity 12383K, committed 12416K, reserved 12672K
Event: 114.944 GC heap after
Heap after GC invocations=25 (full 1):
 def new generation   total 4992K, used 72K [0x08000000, 0x08560000, 0x0d550000)
  eden space 4480K,   0% used [0x08000000, 0x08000000, 0x08460000)
  from space 512K,  14% used [0x08460000, 0x08472110, 0x084e0000)
  to   space 512K,   0% used [0x084e0000, 0x084e0000, 0x08560000)
 tenured generation   total 10944K, used 6348K [0x0d550000, 0x0e000000, 0x18000000)
   the space 10944K,  58% used [0x0d550000, 0x0db83348, 0x0db83400, 0x0e000000)
 Metaspace       used 12004K, capacity 12383K, committed 12416K, reserved 12672K
}
Event: 115.174 GC heap before
{Heap before GC invocations=25 (full 1):
 def new generation   total 4992K, used 4552K [0x08000000, 0x08560000, 0x0d550000)
  eden space 4480K, 100% used [0x08000000, 0x08460000, 0x08460000)
  from space 512K,  14% used [0x08460000, 0x08472110, 0x084e0000)
  to   space 512K,   0% used [0x084e0000, 0x084e0000, 0x08560000)
 tenured generation   total 10944K, used 6348K [0x0d550000, 0x0e000000, 0x18000000)
   the space 10944K,  58% used [0x0d550000, 0x0db83348, 0x0db83400, 0x0e000000)
 Metaspace       used 12165K, capacity 12577K, committed 12672K, reserved 12672K
Event: 115.177 GC heap after
Heap after GC invocations=26 (full 1):
 def new generation   total 4992K, used 212K [0x08000000, 0x08560000, 0x0d550000)
  eden space 4480K,   0% used [0x08000000, 0x08000000, 0x08460000)
  from space 512K,  41% used [0x084e0000, 0x08515008, 0x08560000)
  to   space 512K,   0% used [0x08460000, 0x08460000, 0x084e0000)
 tenured generation   total 10944K, used 6348K [0x0d550000, 0x0e000000, 0x18000000)
   the space 10944K,  58% used [0x0d550000, 0x0db83348, 0x0db83400, 0x0e000000)
 Metaspace       used 12165K, capacity 12577K, committed 12672K, reserved 12672K
}
Event: 116.415 GC heap before
{Heap before GC invocations=26 (full 1):
 def new generation   total 4992K, used 4692K [0x08000000, 0x08560000, 0x0d550000)
  eden space 4480K, 100% used [0x08000000, 0x08460000, 0x08460000)
  from space 512K,  41% used [0x084e0000, 0x08515008, 0x08560000)
  to   space 512K,   0% used [0x08460000, 0x08460000, 0x084e0000)
 tenured generation   total 10944K, used 6348K [0x0d550000, 0x0e000000, 0x18000000)
   the space 10944K,  58% used [0x0d550000, 0x0db83348, 0x0db83400, 0x0e000000)
 Metaspace       used 12526K, capacity 12929K, committed 13056K, reserved 13696K
Event: 116.418 GC heap after
Heap after GC invocations=27 (full 1):
 def new generation   total 4992K, used 511K [0x08000000, 0x08560000, 0x0d550000)
  eden space 4480K,   0% used [0x08000000, 0x08000000, 0x08460000)
  from space 512K,  99% used [0x08460000, 0x084dfff8, 0x084e0000)
  to   space 512K,   0% used [0x084e0000, 0x084e0000, 0x08560000)
 tenured generation   total 10944K, used 6465K [0x0d550000, 0x0e000000, 0x18000000)
   the space 10944K,  59% used [0x0d550000, 0x0dba0550, 0x0dba0600, 0x0e000000)
 Metaspace       used 12526K, capacity 12929K, committed 13056K, reserved 13696K
}
Event: 118.290 GC heap before
{Heap before GC invocations=27 (full 1):
 def new generation   total 4992K, used 4991K [0x08000000, 0x08560000, 0x0d550000)
  eden space 4480K, 100% used [0x08000000, 0x08460000, 0x08460000)
  from space 512K,  99% used [0x08460000, 0x084dfff8, 0x084e0000)
  to   space 512K,   0% used [0x084e0000, 0x084e0000, 0x08560000)
 tenured generation   total 10944K, used 6465K [0x0d550000, 0x0e000000, 0x18000000)
   the space 10944K,  59% used [0x0d550000, 0x0dba0550, 0x0dba0600, 0x0e000000)
 Metaspace       used 12959K, capacity 13328K, committed 13440K, reserved 13696K
Event: 118.293 GC heap after
Heap after GC invocations=28 (full 1):
 def new generation   total 4992K, used 512K [0x08000000, 0x08560000, 0x0d550000)
  eden space 4480K,   0% used [0x08000000, 0x08000000, 0x08460000)
  from space 512K, 100% used [0x084e0000, 0x08560000, 0x08560000)
  to   space 512K,   0% used [0x08460000, 0x08460000, 0x084e0000)
 tenured generation   total 10944K, used 6716K [0x0d550000, 0x0e000000, 0x18000000)
   the space 10944K,  61% used [0x0d550000, 0x0dbdf2f8, 0x0dbdf400, 0x0e000000)
 Metaspace       used 12959K, capacity 13328K, committed 13440K, reserved 13696K
}
Event: 120.970 GC heap before
{Heap before GC invocations=28 (full 1):
 def new generation   total 4992K, used 4992K [0x08000000, 0x08560000, 0x0d550000)
  eden space 4480K, 100% used [0x08000000, 0x08460000, 0x08460000)
  from space 512K, 100% used [0x084e0000, 0x08560000, 0x08560000)
  to   space 512K,   0% used [0x08460000, 0x08460000, 0x084e0000)
 tenured generation   total 10944K, used 6716K [0x0d550000, 0x0e000000, 0x18000000)
   the space 10944K,  61% used [0x0d550000, 0x0dbdf2f8, 0x0dbdf400, 0x0e000000)
 Metaspace       used 13569K, capacity 13968K, committed 14080K, reserved 14720K
Event: 120.975 GC heap after
Heap after GC invocations=29 (full 1):
 def new generation   total 4992K, used 512K [0x08000000, 0x08560000, 0x0d550000)
  eden space 4480K,   0% used [0x08000000, 0x08000000, 0x08460000)
  from space 512K, 100% used [0x08460000, 0x084e0000, 0x084e0000)
  to   space 512K,   0% used [0x084e0000, 0x084e0000, 0x08560000)
 tenured generation   total 10944K, used 7101K [0x0d550000, 0x0e000000, 0x18000000)
   the space 10944K,  64% used [0x0d550000, 0x0dc3f510, 0x0dc3f600, 0x0e000000)
 Metaspace       used 13569K, capacity 13968K, committed 14080K, reserved 14720K
}

