# JRE version: Java(TM) SE Runtime Environment (8.0_192-b12) (build 1.8.0_192-b12)
# Java VM: Java HotSpot(TM) Client VM (25.192-b12 mixed mode windows-x86 )
Heap:
 def new generation   total 4928K, used 3094K [0x10000000, 0x10550000, 0x15550000)
  eden space 4416K,  58% used [0x10000000, 0x10285ac8, 0x10450000)
  from space 512K, 100% used [0x10450000, 0x104d0000, 0x104d0000)
  to   space 512K,   0% used [0x104d0000, 0x104d0000, 0x10550000)
 tenured generation   total 10944K, used 1124K [0x15550000, 0x16000000, 0x20000000)
   the space 10944K,  10% used [0x15550000, 0x156691e8, 0x15669200, 0x16000000)
 Metaspace       used 3159K, capacity 3178K, committed 3264K, reserved 4480K
GC Heap History (4 events):
Event: 1.665 GC heap before
{Heap before GC invocations=0 (full 0):
 def new generation   total 4928K, used 4416K [0x10000000, 0x10550000, 0x15550000)
  eden space 4416K, 100% used [0x10000000, 0x10450000, 0x10450000)
  from space 512K,   0% used [0x10450000, 0x10450000, 0x104d0000)
  to   space 512K,   0% used [0x104d0000, 0x104d0000, 0x10550000)
 tenured generation   total 10944K, used 0K [0x15550000, 0x16000000, 0x20000000)
   the space 10944K,   0% used [0x15550000, 0x15550000, 0x15550200, 0x16000000)
 Metaspace       used 2341K, capacity 2434K, committed 2496K, reserved 4480K
Event: 1.669 GC heap after
Heap after GC invocations=1 (full 0):
 def new generation   total 4928K, used 512K [0x10000000, 0x10550000, 0x15550000)
  eden space 4416K,   0% used [0x10000000, 0x10000000, 0x10450000)
  from space 512K, 100% used [0x104d0000, 0x10550000, 0x10550000)
  to   space 512K,   0% used [0x10450000, 0x10450000, 0x104d0000)
 tenured generation   total 10944K, used 477K [0x15550000, 0x16000000, 0x20000000)
   the space 10944K,   4% used [0x15550000, 0x155c7610, 0x155c7800, 0x16000000)
 Metaspace       used 2341K, capacity 2434K, committed 2496K, reserved 4480K
}
Event: 2.264 GC heap before
{Heap before GC invocations=1 (full 0):
 def new generation   total 4928K, used 4928K [0x10000000, 0x10550000, 0x15550000)
  eden space 4416K, 100% used [0x10000000, 0x10450000, 0x10450000)
  from space 512K, 100% used [0x104d0000, 0x10550000, 0x10550000)
  to   space 512K,   0% used [0x10450000, 0x10450000, 0x104d0000)
 tenured generation   total 10944K, used 477K [0x15550000, 0x16000000, 0x20000000)
   the space 10944K,   4% used [0x15550000, 0x155c7610, 0x155c7800, 0x16000000)
 Metaspace       used 2903K, capacity 2954K, committed 3008K, reserved 4480K
Event: 2.271 GC heap after
Heap after GC invocations=2 (full 0):
 def new generation   total 4928K, used 512K [0x10000000, 0x10550000, 0x15550000)
  eden space 4416K,   0% used [0x10000000, 0x10000000, 0x10450000)
  from space 512K, 100% used [0x10450000, 0x104d0000, 0x104d0000)
  to   space 512K,   0% used [0x104d0000, 0x104d0000, 0x10550000)
 tenured generation   total 10944K, used 1124K [0x15550000, 0x16000000, 0x20000000)
   the space 10944K,  10% used [0x15550000, 0x156691e8, 0x15669200, 0x16000000)
 Metaspace       used 2903K, capacity 2954K, committed 3008K, reserved 4480K
}

